<?xml version="1.0" encoding="UTF-8"?>
<!-- Generated by org.testng.reporters.JUnitReportReporter -->
<testsuite hostname="DESKTOP-3424B92" name="testngwithXMLExcution.testcaseLaunchVerifyGmailYahoo" tests="2" failures="0" timestamp="18 May 2019 22:00:55 GMT" time="12.009" errors="0">
  <testcase name="gmaillogin" time="5.013" classname="testngwithXMLExcution.testcaseLaunchVerifyGmailYahoo"/>
  <testcase name="yahoologin" time="6.996" classname="testngwithXMLExcution.testcaseLaunchVerifyGmailYahoo"/>
</testsuite> <!-- testngwithXMLExcution.testcaseLaunchVerifyGmailYahoo -->
