<?xml version="1.0" encoding="UTF-8"?>
<!-- Generated by org.testng.reporters.JUnitReportReporter -->
<testsuite hostname="DESKTOP-3424B92" name="testngwithXMLExcution.class2" tests="3" failures="0" timestamp="18 May 2019 21:10:45 GMT" time="0.016" errors="0">
  <testcase name="deleteproduct" time="0.000" classname="testngwithXMLExcution.class2"/>
  <testcase name="deletevendor" time="0.016" classname="testngwithXMLExcution.class2"/>
  <testcase name="deletecurrency" time="0.000" classname="testngwithXMLExcution.class2"/>
</testsuite> <!-- testngwithXMLExcution.class2 -->
