<?xml version="1.0" encoding="UTF-8"?>
<!-- Generated by org.testng.reporters.JUnitReportReporter -->
<testsuite hostname="DESKTOP-3424B92" name="testNG.userreg_test" tests="1" failures="0" timestamp="17 May 2019 14:05:09 GMT" time="8.730" errors="0">
  <testcase name="userreg" time="8.730" classname="testNG.userreg_test"/>
</testsuite> <!-- testNG.userreg_test -->
