<?xml version="1.0" encoding="UTF-8"?>
<!-- Generated by org.testng.reporters.JUnitReportReporter -->
<testsuite hostname="DESKTOP-3424B92" name="testNG.testngoperation" tests="1" failures="0" timestamp="16 May 2019 20:17:42 GMT" time="0.026" errors="0">
  <testcase name="sri" time="0.026" classname="testNG.testngoperation"/>
</testsuite> <!-- testNG.testngoperation -->
