<?xml version="1.0" encoding="UTF-8"?>
<!-- Generated by org.testng.reporters.JUnitReportReporter -->
<testsuite hostname="DESKTOP-3424B92" name="testngwithXMLExcution.NewTest" tests="3" failures="0" timestamp="18 May 2019 21:10:45 GMT" time="0.007" errors="0">
  <testcase name="addproduct" time="0.000" classname="testngwithXMLExcution.NewTest"/>
  <testcase name="addvendor" time="0.000" classname="testngwithXMLExcution.NewTest"/>
  <testcase name="addcurrency" time="0.007" classname="testngwithXMLExcution.NewTest"/>
</testsuite> <!-- testngwithXMLExcution.NewTest -->
